<?xml version="1.0" encoding="UTF-8"?>
<!-- Generated by org.testng.reporters.JUnitReportReporter -->
<testsuite hostname="Anil" failures="0" tests="2" name="extantreports.CreatingDependencies" time="9.033" errors="0" timestamp="2024-07-29T14:28:56 IST" skipped="0">
  <testcase classname="extantreports.CreatingDependencies" name="deleteAccount" time="4.512">
    <system-out>
      <![CDATA[Account is deleted...]]>
    </system-out>
  </testcase> <!-- deleteAccount -->
  <testcase classname="extantreports.CreatingDependencies" name="createAccount" time="4.521">
    <system-out>
      <![CDATA[Account is created...]]>
    </system-out>
  </testcase> <!-- createAccount -->
  <system-out>
    <![CDATA[Account is created...
Account is deleted...]]>
  </system-out>
</testsuite> <!-- extantreports.CreatingDependencies -->
