<?xml version="1.0" encoding="UTF-8"?>
<!-- Generated by org.testng.reporters.JUnitReportReporter -->
<testsuite hostname="Anil" failures="0" tests="2" name="DataProvider.loginDWS" time="12.174" errors="0" timestamp="2024-07-15T11:16:19 IST" skipped="0">
  <testcase classname="DataProvider.loginDWS" name="reciver" time="5.689"/>
  <testcase classname="DataProvider.loginDWS" name="reciver" time="6.485"/>
</testsuite> <!-- DataProvider.loginDWS -->
