<?xml version="1.0" encoding="UTF-8"?>
<!-- Generated by org.testng.reporters.JUnitReportReporter -->
<testsuite hostname="Anil" failures="0" tests="1" name="extantreports.samplereport" time="0.493" errors="0" timestamp="2024-07-29T13:01:55 IST" skipped="0">
  <testcase classname="extantreports.samplereport" name="basicReport" time="0.493"/>
</testsuite> <!-- extantreports.samplereport -->
