<?xml version="1.0" encoding="UTF-8"?>
<!-- Generated by org.testng.reporters.JUnitReportReporter -->
<testsuite hostname="Anil" failures="0" tests="2" name="DataProvider.storeData" time="0.018" errors="0" timestamp="2024-07-15T10:56:40 IST" skipped="0">
  <testcase classname="DataProvider.storeData" name="reciver" time="0.015"/>
  <testcase classname="DataProvider.storeData" name="reciver" time="0.003"/>
</testsuite> <!-- DataProvider.storeData -->
