<?xml version="1.0" encoding="UTF-8"?>
<!-- Generated by org.testng.reporters.JUnitReportReporter -->
<testsuite hostname="Anil" failures="0" tests="3" name="bikes.tvs" time="33.498" errors="0" timestamp="2024-07-20T12:01:35 IST" skipped="0">
  <testcase classname="bikes.tvs" name="m1" time="9.418">
    <system-out>
      <![CDATA[m1
onTestSuccess]]>
    </system-out>
  </testcase> <!-- m1 -->
  <testcase classname="bikes.tvs" name="m1" time="12.463">
    <system-out>
      <![CDATA[m1
onTestSuccess]]>
    </system-out>
  </testcase> <!-- m1 -->
  <testcase classname="bikes.tvs" name="m1" time="11.617">
    <system-out>
      <![CDATA[m1
onTestSuccess]]>
    </system-out>
  </testcase> <!-- m1 -->
  <system-out>
    <![CDATA[onStart
bat
onTestSuccess
shoes
onTestSuccess
m1
m1
onTestSuccess
m1
onTestSuccess
onTestSuccess
m1
m1
onTestSuccess
onTestSuccess
m1
onTestSuccess
m1
m1
onTestSuccess
onTestSuccess]]>
  </system-out>
</testsuite> <!-- bikes.tvs -->
