<?xml version="1.0" encoding="UTF-8"?>
<!-- Generated by org.testng.reporters.JUnitReportReporter -->
<testsuite hostname="Anil" failures="0" tests="6" name="basictestNG.testNG" time="37.597" errors="0" timestamp="2024-07-10T10:21:14 IST" skipped="0">
  <testcase classname="basictestNG.testNG" name="bkie1" time="7.271"/>
  <testcase classname="basictestNG.testNG" name="bkie1" time="4.982"/>
  <testcase classname="basictestNG.testNG" name="bkie1" time="7.162"/>
  <testcase classname="basictestNG.testNG" name="m1" time="6.333"/>
  <testcase classname="basictestNG.testNG" name="m1" time="5.834"/>
  <testcase classname="basictestNG.testNG" name="m1" time="6.015"/>
</testsuite> <!-- basictestNG.testNG -->
