<?xml version="1.0" encoding="UTF-8"?>
<!-- Generated by org.testng.reporters.JUnitReportReporter -->
<testsuite hostname="Anil" failures="0" tests="2" name="DataProvider.loginDWSbyUsingExcelDyanamicaly" time="10.868" errors="0" timestamp="2024-07-15T12:00:08 IST" skipped="0">
  <testcase classname="DataProvider.loginDWSbyUsingExcelDyanamicaly" name="reciver" time="5.378"/>
  <testcase classname="DataProvider.loginDWSbyUsingExcelDyanamicaly" name="reciver" time="5.490"/>
</testsuite> <!-- DataProvider.loginDWSbyUsingExcelDyanamicaly -->
