<?xml version="1.0" encoding="UTF-8"?>
<!-- Generated by org.testng.reporters.JUnitReportReporter -->
<testsuite hostname="Anil" failures="0" tests="1" name="Listeners.task1DwsLogin" time="2.781" errors="0" timestamp="2024-07-19T13:56:35 IST" skipped="0">
  <testcase classname="Listeners.task1DwsLogin" name="register" time="2.781"/>
</testsuite> <!-- Listeners.task1DwsLogin -->
