<?xml version="1.0" encoding="UTF-8"?>
<!-- Generated by org.testng.reporters.JUnitReportReporter -->
<testsuite hostname="Anil" failures="0" tests="1" name="basictestNG.beforesuite1" time="0.031" errors="0" timestamp="2024-07-12T10:46:39 IST" skipped="0">
  <testcase classname="basictestNG.beforesuite1" name="testcase" time="0.031"/>
</testsuite> <!-- basictestNG.beforesuite1 -->
