<?xml version="1.0" encoding="UTF-8"?>
<!-- Generated by org.testng.reporters.JUnitReportReporter -->
<testsuite hostname="Anil" failures="0" tests="2" name="basictestNG.configurationAnnatation" time="0.012" errors="0" timestamp="2024-07-12T11:05:01 IST" skipped="0">
  <testcase classname="basictestNG.configurationAnnatation" name="testcase2" time="0.002"/>
  <testcase classname="basictestNG.configurationAnnatation" name="testcase1" time="0.010"/>
</testsuite> <!-- basictestNG.configurationAnnatation -->
