<?xml version="1.0" encoding="UTF-8"?>
<!-- Generated by org.testng.reporters.JUnitReportReporter -->
<testsuite hostname="Anil" failures="0" tests="1" name="POM.loginUsingDatahiding" time="8.722" errors="0" timestamp="2024-07-17T12:15:01 IST" skipped="0">
  <testcase classname="POM.loginUsingDatahiding" name="main" time="8.722"/>
</testsuite> <!-- POM.loginUsingDatahiding -->
