<?xml version="1.0" encoding="UTF-8"?>
<!-- Generated by org.testng.reporters.JUnitReportReporter -->
<testsuite hostname="Anil" failures="0" tests="1" name="Assertion.hardAssertion" time="11.783" errors="0" timestamp="2024-07-16T12:08:46 IST" skipped="0">
  <testcase classname="Assertion.hardAssertion" name="main" time="11.783"/>
</testsuite> <!-- Assertion.hardAssertion -->
