<?xml version="1.0" encoding="UTF-8"?>
<!-- Generated by org.testng.reporters.JUnitReportReporter -->
<testsuite hostname="Anil" failures="0" tests="2" name="DataProvider.loginDwsUsingExcel" time="13.180" errors="0" timestamp="2024-07-15T11:46:49 IST" skipped="0">
  <testcase classname="DataProvider.loginDwsUsingExcel" name="reciver" time="5.995"/>
  <testcase classname="DataProvider.loginDwsUsingExcel" name="reciver" time="7.185"/>
</testsuite> <!-- DataProvider.loginDwsUsingExcel -->
