<?xml version="1.0" encoding="UTF-8"?>
<!-- Generated by org.testng.reporters.JUnitReportReporter -->
<testsuite hostname="Anil" failures="0" tests="1" name="annotation.orderofExcution" time="13.180" errors="0" timestamp="2024-07-13T11:07:25 IST" skipped="0">
  <testcase classname="annotation.orderofExcution" name="elementclick" time="13.180"/>
</testsuite> <!-- annotation.orderofExcution -->
