<?xml version="1.0" encoding="UTF-8"?>
<!-- Generated by org.testng.reporters.JUnitReportReporter -->
<testsuite hostname="Anil" failures="0" tests="1" name="Assertion.softAssertion" time="15.319" errors="0" timestamp="2024-07-16T13:38:38 IST" skipped="0">
  <testcase classname="Assertion.softAssertion" name="main" time="15.319"/>
</testsuite> <!-- Assertion.softAssertion -->
