<?xml version="1.0" encoding="UTF-8"?>
<!-- Generated by org.testng.reporters.JUnitReportReporter -->
<testsuite hostname="Anil" failures="0" tests="1" name="bikes.honda" time="7.296" errors="0" timestamp="2024-07-20T12:01:35 IST" skipped="0">
  <testcase classname="bikes.honda" name="m1" time="7.296">
    <system-out>
      <![CDATA[m1
onTestSuccess]]>
    </system-out>
  </testcase> <!-- m1 -->
  <system-out>
    <![CDATA[onStart
bat
onTestSuccess
shoes
onTestSuccess
m1
m1
onTestSuccess
m1
onTestSuccess
onTestSuccess
m1
m1
onTestSuccess
onTestSuccess
m1
onTestSuccess
m1
m1
onTestSuccess
onTestSuccess]]>
  </system-out>
</testsuite> <!-- bikes.honda -->
