<?xml version="1.0" encoding="UTF-8"?>
<!-- Generated by org.testng.reporters.JUnitReportReporter -->
<testsuite hostname="Anil" failures="0" tests="2" name="bikes.rebook" time="14.180" errors="0" timestamp="2024-07-20T12:01:35 IST" skipped="0">
  <testcase classname="bikes.rebook" name="bat" time="6.288">
    <system-out>
      <![CDATA[bat
onTestSuccess]]>
    </system-out>
  </testcase> <!-- bat -->
  <testcase classname="bikes.rebook" name="shoes" time="7.892">
    <system-out>
      <![CDATA[shoes
onTestSuccess]]>
    </system-out>
  </testcase> <!-- shoes -->
  <system-out>
    <![CDATA[onStart
bat
onTestSuccess
shoes
onTestSuccess
m1
m1
onTestSuccess
m1
onTestSuccess
onTestSuccess
m1
m1
onTestSuccess
onTestSuccess
m1
onTestSuccess
m1
m1
onTestSuccess
onTestSuccess]]>
  </system-out>
</testsuite> <!-- bikes.rebook -->
